
>>>>>>>>>>>>>>>>>>>>>>>>>>>>>>>>>>>>>>>>>>>>>>>>>>>>>>
[2024-12-21 07:00:01.772544] Starting etl/etl_workly_main.py...
[2024-12-21 07:00:32.649858] etl/etl_workly_main.py completed successfully!
[2024-12-21 07:00:02.415552] Fetching Workly data...
[2024-12-21 07:00:32.564936] ETL Process for Workly failed: Authentication request timed out. Please check your connection.

[2024-12-21 07:00:32.649925] Starting etl/etl_moysklad_main.py...
[2024-12-21 07:02:22.495564] etl/etl_moysklad_main.py completed successfully!
[2024-12-21 07:00:32.969158] Starting MoySklad ETL...
[2024-12-21 07:00:46.477187] Fetching data for Приход товар...
[2024-12-21 07:00:48.997931] Transforming data for Приход товар...
[2024-12-21 07:00:49.000531] Writing data for Приход товар...
Data written to sheet: Приход товар
[2024-12-21 07:00:50.587781] Task Приход товар completed successfully!
[2024-12-21 07:00:50.587816] Fetching data for Возврат приход товар...
[2024-12-21 07:00:50.723633] Transforming data for Возврат приход товар...
[2024-12-21 07:00:50.723938] Writing data for Возврат приход товар...
Data written to sheet: Возврат приход товар
[2024-12-21 07:00:53.003903] Task Возврат приход товар completed successfully!
[2024-12-21 07:00:53.003945] Fetching data for Продажа товар...
[2024-12-21 07:01:54.423260] Transforming data for Продажа товар...
[2024-12-21 07:01:54.456352] Writing data for Продажа товар...
Data written to sheet: Продажа товар
[2024-12-21 07:01:58.492427] Task Продажа товар completed successfully!
[2024-12-21 07:01:58.492466] Fetching data for Перемещение...
[2024-12-21 07:01:59.610325] Transforming data for Перемещение...
[2024-12-21 07:01:59.613967] Writing data for Перемещение...
Data written to sheet: Перемещение
[2024-12-21 07:02:00.992174] Task Перемещение completed successfully!
[2024-12-21 07:02:00.992211] Fetching data for Возврат продажа товар...
[2024-12-21 07:02:01.307469] Transforming data for Возврат продажа товар...
[2024-12-21 07:02:01.307696] Writing data for Возврат продажа товар...
Data written to sheet: Возврат продажа товар
[2024-12-21 07:02:02.598960] Task Возврат продажа товар completed successfully!
[2024-12-21 07:02:02.598994] Fetching data for Списание...
[2024-12-21 07:02:02.986646] Transforming data for Списание...
[2024-12-21 07:02:02.986816] Writing data for Списание...
Data written to sheet: Списание
[2024-12-21 07:02:04.840215] Task Списание completed successfully!
[2024-12-21 07:02:04.840253] Fetching data for Касса приход...
[2024-12-21 07:02:16.069566] Transforming data for Касса приход...
[2024-12-21 07:02:16.088654] Writing data for Касса приход...
Data written to sheet: Касса приход
[2024-12-21 07:02:18.350683] Task Касса приход completed successfully!
[2024-12-21 07:02:18.350727] Fetching data for Касса расход...
[2024-12-21 07:02:20.822822] Transforming data for Касса расход...
[2024-12-21 07:02:20.827123] Writing data for Касса расход...
Data written to sheet: Касса расход
[2024-12-21 07:02:22.385011] Task Касса расход completed successfully!
[2024-12-21 07:02:22.385049] MoySklad ETL completed successfully!

[2024-12-21 07:02:22.495620] All ETL processes completed successfully.

>>>>>>>>>>>>>>>>>>>>>>>>>>>>>>>>>>>>>>>>>>>>>>>>>>>>>>
[2024-12-21 08:00:01.317937] Starting etl/etl_workly_main.py...
[2024-12-21 08:00:34.878684] etl/etl_workly_main.py completed successfully!
[2024-12-21 08:00:01.715083] Fetching Workly data...
Data written to sheet: Workly
[2024-12-21 08:00:34.785012] Workly ETL completed successfully!

[2024-12-21 08:00:34.878737] Starting etl/etl_moysklad_main.py...
[2024-12-21 08:02:18.273450] etl/etl_moysklad_main.py completed successfully!
[2024-12-21 08:00:35.192495] Starting MoySklad ETL...
[2024-12-21 08:00:47.460685] Fetching data for Приход товар...
[2024-12-21 08:00:49.864178] Transforming data for Приход товар...
[2024-12-21 08:00:49.867266] Writing data for Приход товар...
Data written to sheet: Приход товар
[2024-12-21 08:00:51.082876] Task Приход товар completed successfully!
[2024-12-21 08:00:51.082926] Fetching data for Возврат приход товар...
[2024-12-21 08:00:51.202496] Transforming data for Возврат приход товар...
[2024-12-21 08:00:51.202744] Writing data for Возврат приход товар...
Data written to sheet: Возврат приход товар
[2024-12-21 08:00:52.487236] Task Возврат приход товар completed successfully!
[2024-12-21 08:00:52.487277] Fetching data for Продажа товар...
[2024-12-21 08:01:50.296307] Transforming data for Продажа товар...
[2024-12-21 08:01:50.328304] Writing data for Продажа товар...
Data written to sheet: Продажа товар
[2024-12-21 08:01:54.141742] Task Продажа товар completed successfully!
[2024-12-21 08:01:54.141783] Fetching data for Перемещение...
[2024-12-21 08:01:55.610836] Transforming data for Перемещение...
[2024-12-21 08:01:55.614693] Writing data for Перемещение...
Data written to sheet: Перемещение
[2024-12-21 08:01:56.477200] Task Перемещение completed successfully!
[2024-12-21 08:01:56.477241] Fetching data for Возврат продажа товар...
[2024-12-21 08:01:56.855579] Transforming data for Возврат продажа товар...
[2024-12-21 08:01:56.855854] Writing data for Возврат продажа товар...
Data written to sheet: Возврат продажа товар
[2024-12-21 08:01:58.146504] Task Возврат продажа товар completed successfully!
[2024-12-21 08:01:58.146547] Fetching data for Списание...
[2024-12-21 08:01:58.520691] Transforming data for Списание...
[2024-12-21 08:01:58.520845] Writing data for Списание...
Data written to sheet: Списание
[2024-12-21 08:01:59.795898] Task Списание completed successfully!
[2024-12-21 08:01:59.795945] Fetching data for Касса приход...
[2024-12-21 08:02:12.181061] Transforming data for Касса приход...
[2024-12-21 08:02:12.199713] Writing data for Касса приход...
Data written to sheet: Касса приход
[2024-12-21 08:02:14.498865] Task Касса приход completed successfully!
[2024-12-21 08:02:14.498915] Fetching data for Касса расход...
[2024-12-21 08:02:16.906940] Transforming data for Касса расход...
[2024-12-21 08:02:16.914681] Writing data for Касса расход...
Data written to sheet: Касса расход
[2024-12-21 08:02:17.926210] Task Касса расход completed successfully!
[2024-12-21 08:02:17.926258] MoySklad ETL completed successfully!

[2024-12-21 08:02:18.274066] All ETL processes completed successfully.

>>>>>>>>>>>>>>>>>>>>>>>>>>>>>>>>>>>>>>>>>>>>>>>>>>>>>>
[2024-12-21 09:00:01.949059] Starting etl/etl_workly_main.py...
[2024-12-21 09:00:34.289623] etl/etl_workly_main.py completed successfully!
[2024-12-21 09:00:02.663545] Fetching Workly data...
Data written to sheet: Workly
[2024-12-21 09:00:34.195495] Workly ETL completed successfully!

[2024-12-21 09:00:34.289683] Starting etl/etl_moysklad_main.py...
[2024-12-21 09:02:25.612541] etl/etl_moysklad_main.py completed successfully!
[2024-12-21 09:00:34.683300] Starting MoySklad ETL...
[2024-12-21 09:00:49.886708] Fetching data for Приход товар...
[2024-12-21 09:00:52.737088] Transforming data for Приход товар...
[2024-12-21 09:00:52.739743] Writing data for Приход товар...
Data written to sheet: Приход товар
[2024-12-21 09:00:54.007986] Task Приход товар completed successfully!
[2024-12-21 09:00:54.008053] Fetching data for Возврат приход товар...
[2024-12-21 09:00:54.147137] Transforming data for Возврат приход товар...
[2024-12-21 09:00:54.147497] Writing data for Возврат приход товар...
Data written to sheet: Возврат приход товар
[2024-12-21 09:00:54.928527] Task Возврат приход товар completed successfully!
[2024-12-21 09:00:54.928591] Fetching data for Продажа товар...
[2024-12-21 09:01:56.918697] Transforming data for Продажа товар...
[2024-12-21 09:01:56.943452] Writing data for Продажа товар...
Data written to sheet: Продажа товар
[2024-12-21 09:02:00.912166] Task Продажа товар completed successfully!
[2024-12-21 09:02:00.912205] Fetching data for Перемещение...
[2024-12-21 09:02:02.692637] Transforming data for Перемещение...
[2024-12-21 09:02:02.696413] Writing data for Перемещение...
Data written to sheet: Перемещение
[2024-12-21 09:02:03.556992] Task Перемещение completed successfully!
[2024-12-21 09:02:03.557024] Fetching data for Возврат продажа товар...
[2024-12-21 09:02:03.932887] Transforming data for Возврат продажа товар...
[2024-12-21 09:02:03.933334] Writing data for Возврат продажа товар...
Data written to sheet: Возврат продажа товар
[2024-12-21 09:02:04.733243] Task Возврат продажа товар completed successfully!
[2024-12-21 09:02:04.733287] Fetching data for Списание...
[2024-12-21 09:02:05.155945] Transforming data for Списание...
[2024-12-21 09:02:05.156094] Writing data for Списание...
Data written to sheet: Списание
[2024-12-21 09:02:05.922644] Task Списание completed successfully!
[2024-12-21 09:02:05.922685] Fetching data for Касса приход...
[2024-12-21 09:02:18.754766] Transforming data for Касса приход...
[2024-12-21 09:02:18.770296] Writing data for Касса приход...
Data written to sheet: Касса приход
[2024-12-21 09:02:20.933028] Task Касса приход completed successfully!
[2024-12-21 09:02:20.933065] Fetching data for Касса расход...
[2024-12-21 09:02:23.994984] Transforming data for Касса расход...
[2024-12-21 09:02:23.999102] Writing data for Касса расход...
Data written to sheet: Касса расход
[2024-12-21 09:02:25.505338] Task Касса расход completed successfully!
[2024-12-21 09:02:25.505379] MoySklad ETL completed successfully!

[2024-12-21 09:02:25.612733] All ETL processes completed successfully.

>>>>>>>>>>>>>>>>>>>>>>>>>>>>>>>>>>>>>>>>>>>>>>>>>>>>>>
[2024-12-21 12:00:02.072800] Starting etl/etl_workly_main.py...
[2024-12-21 12:00:32.219339] etl/etl_workly_main.py completed successfully!
[2024-12-21 12:00:02.506592] Fetching Workly data...
Data written to sheet: Workly
[2024-12-21 12:00:32.113449] Workly ETL completed successfully!

[2024-12-21 12:00:32.219380] Starting etl/etl_moysklad_main.py...
[2024-12-21 12:02:29.638826] etl/etl_moysklad_main.py completed successfully!
[2024-12-21 12:00:32.516172] Starting MoySklad ETL...
[2024-12-21 12:00:50.547884] Fetching data for Приход товар...
[2024-12-21 12:00:53.193820] Transforming data for Приход товар...
[2024-12-21 12:00:53.195761] Writing data for Приход товар...
Data written to sheet: Приход товар
[2024-12-21 12:00:54.332062] Task Приход товар completed successfully!
[2024-12-21 12:00:54.332094] Fetching data for Возврат приход товар...
[2024-12-21 12:00:54.451683] Transforming data for Возврат приход товар...
[2024-12-21 12:00:54.451873] Writing data for Возврат приход товар...
Data written to sheet: Возврат приход товар
[2024-12-21 12:00:55.706743] Task Возврат приход товар completed successfully!
[2024-12-21 12:00:55.706774] Fetching data for Продажа товар...
[2024-12-21 12:02:03.593103] Transforming data for Продажа товар...
[2024-12-21 12:02:03.623882] Writing data for Продажа товар...
Data written to sheet: Продажа товар
[2024-12-21 12:02:07.037295] Task Продажа товар completed successfully!
[2024-12-21 12:02:07.037331] Fetching data for Перемещение...
[2024-12-21 12:02:08.921170] Transforming data for Перемещение...
[2024-12-21 12:02:08.924266] Writing data for Перемещение...
Data written to sheet: Перемещение
[2024-12-21 12:02:09.785466] Task Перемещение completed successfully!
[2024-12-21 12:02:09.785493] Fetching data for Возврат продажа товар...
[2024-12-21 12:02:10.032704] Transforming data for Возврат продажа товар...
[2024-12-21 12:02:10.033193] Writing data for Возврат продажа товар...
Data written to sheet: Возврат продажа товар
[2024-12-21 12:02:11.266319] Task Возврат продажа товар completed successfully!
[2024-12-21 12:02:11.266353] Fetching data for Списание...
[2024-12-21 12:02:11.577837] Transforming data for Списание...
[2024-12-21 12:02:11.578019] Writing data for Списание...
Data written to sheet: Списание
[2024-12-21 12:02:12.358618] Task Списание completed successfully!
[2024-12-21 12:02:12.358644] Fetching data for Касса приход...
[2024-12-21 12:02:23.352616] Transforming data for Касса приход...
[2024-12-21 12:02:23.367936] Writing data for Касса приход...
Data written to sheet: Касса приход
[2024-12-21 12:02:25.782335] Task Касса приход completed successfully!
[2024-12-21 12:02:25.782365] Fetching data for Касса расход...
[2024-12-21 12:02:28.035795] Transforming data for Касса расход...
[2024-12-21 12:02:28.039932] Writing data for Касса расход...
Data written to sheet: Касса расход
[2024-12-21 12:02:29.503815] Task Касса расход completed successfully!
[2024-12-21 12:02:29.503859] MoySklad ETL completed successfully!

[2024-12-21 12:02:29.638892] All ETL processes completed successfully.
