Fetching data...
Writing to Google Sheets...
ETL process completed successfully.
Fetching data...
Writing to Google Sheets...
ETL process completed successfully.
------------------------------
2024-12-17 10:00:09.184351
Fetching data...
Writing to Google Sheets...
ETL process completed successfully.
------------------------------
2024-12-17 12:00:04.171667
Fetching data...
Writing to Google Sheets...
ETL process completed successfully.
------------------------------
2024-12-17 14:00:08.118250
Fetching data...
Writing to Google Sheets...
ETL process completed successfully.
[2024-12-17 16:00:02.413537] Fetching Workly data...
Data written to sheet: Workly
[2024-12-17 18:00:03.694858] Fetching Workly data...
Data written to sheet: Workly
[2024-12-17 20:00:03.456523] Fetching Workly data...
Data written to sheet: Workly
[2024-12-17 22:00:04.177868] Fetching Workly data...
Data written to sheet: Workly
[2024-12-18 00:00:02.938573] Fetching Workly data...
Data written to sheet: Workly
[2024-12-18 02:00:02.875150] Fetching Workly data...
Data written to sheet: Workly
[2024-12-18 04:00:04.374990] Fetching Workly data...
Data written to sheet: Workly
[2024-12-18 06:00:03.874140] Fetching Workly data...
Data written to sheet: Workly
python3: can't open file '/home/upsoft/projects/tashkent-metall-google-sheets/etl_workly_main': [Errno 2] No such file or directory
[2024-12-18 10:00:02.358293] Fetching Workly data...
Data written to sheet: Workly
[2024-12-18 10:01:03.835775] Workly ETL completed successfully!
[2024-12-18 12:00:02.165457] Fetching Workly data...
Data written to sheet: Workly
[2024-12-18 12:00:59.278017] Workly ETL completed successfully!
---------------------------------
[2024-12-18 14:00:02.910421] Fetching Workly data...
Data written to sheet: Workly
[2024-12-18 14:01:11.810366] Workly ETL completed successfully!
---------------------------------
[2024-12-18 16:00:03.496796] Fetching Workly data...
Data written to sheet: Workly
[2024-12-18 16:01:04.920872] Workly ETL completed successfully!
---------------------------------
[2024-12-18 18:00:02.756864] Fetching Workly data...
Data written to sheet: Workly
[2024-12-18 18:00:58.851014] Workly ETL completed successfully!
---------------------------------
[2024-12-18 20:00:03.700408] Fetching Workly data...
Data written to sheet: Workly
[2024-12-18 20:01:02.443229] Workly ETL completed successfully!
---------------------------------
[2024-12-18 22:00:03.632491] Fetching Workly data...
Data written to sheet: Workly
[2024-12-18 22:01:07.621300] Workly ETL completed successfully!
---------------------------------
[2024-12-19 00:00:03.044216] Fetching Workly data...
Data written to sheet: Workly
[2024-12-19 00:00:59.732985] Workly ETL completed successfully!
---------------------------------
[2024-12-19 02:00:02.687336] Fetching Workly data...
Data written to sheet: Workly
[2024-12-19 02:00:57.209730] Workly ETL completed successfully!
---------------------------------
[2024-12-19 04:00:04.343482] Fetching Workly data...
Data written to sheet: Workly
[2024-12-19 04:01:02.022395] Workly ETL completed successfully!
---------------------------------
[2024-12-19 06:00:02.700570] Fetching Workly data...
Data written to sheet: Workly
[2024-12-19 06:00:59.398638] Workly ETL completed successfully!
---------------------------------
[2024-12-19 08:00:03.325605] Fetching Workly data...
Data written to sheet: Workly
[2024-12-19 08:01:00.427812] Workly ETL completed successfully!
Traceback (most recent call last):
  File "/home/upsoft/projects/tashkent-metall-google-sheets/etl/etl_workly_main.py", line 1, in <module>
    from clients.workly_client import WorklyClient
ModuleNotFoundError: No module named 'clients'
Traceback (most recent call last):
  File "/home/upsoft/projects/tashkent-metall-google-sheets/etl/etl_workly_main.py", line 1, in <module>
    from clients.workly_client import WorklyClient
ModuleNotFoundError: No module named 'clients'
Traceback (most recent call last):
  File "/home/upsoft/projects/tashkent-metall-google-sheets/etl/etl_workly_main.py", line 1, in <module>
    from clients.workly_client import WorklyClient
ModuleNotFoundError: No module named 'clients'
